computing the mjo
running plotting script
 
saving file
running SPBI
[                                        ] | 0% Completed | 230.47 us[                                        ] | 0% Completed | 104.83 ms[                                        ] | 0% Completed | 207.81 ms[                                        ] | 0% Completed | 312.78 ms[                                        ] | 0% Completed | 416.42 ms[                                        ] | 0% Completed | 519.51 ms[                                        ] | 0% Completed | 619.76 ms[                                        ] | 0% Completed | 721.09 ms[                                        ] | 0% Completed | 1.09 s[                                        ] | 0% Completed | 1.19 s[                                        ] | 0% Completed | 1.29 s
go the warriors
True cei
None
Midmonth Update
# On branch main
# Changes not staged for commit:
#   (use "git add <file>..." to update what will be committed)
#   (use "git checkout -- <file>..." to discard changes in working directory)
#
#	modified:   indices/data/daily_soi.csv
#	modified:   indices/data/daily_soi.xlsx
#	modified:   indices/data/monthly_nino_index.xlsx
#	modified:   indices/figures/SOI_LP_realtime_plot.png
#	modified:   output.log
#
# Untracked files:
#   (use "git add <file>..." to include in what will be committed)
#
#	data/logs/
#	lib/NIWA_CMYK_Hor.png
no changes added to commit (use "git add" and/or "git commit -a")
